2026-05-04 12:31:05.767814 - Key.enter
2026-05-04 12:31:07.766766 - Key.enter
2026-05-04 12:31:08.641182 - Key.enter
2026-05-04 12:31:09.347317 - j
2026-05-04 12:31:09.532976 - j
2026-05-04 12:31:09.716796 - j
2026-05-04 12:31:11.005246 - y
2026-05-04 12:31:11.022977 - u
2026-05-04 12:31:11.132904 - g
2026-05-04 12:31:11.133531 - v
2026-05-04 12:31:11.299970 - f
2026-05-04 12:31:11.301691 - h
2026-05-04 12:31:11.337491 - n
2026-05-04 12:31:11.528872 - i
2026-05-04 12:31:11.530276 - u
2026-05-04 12:31:11.597683 - k
2026-05-04 12:31:11.646606 - n
2026-05-04 12:31:11.796903 - v
2026-05-04 12:31:11.797566 - u
2026-05-04 12:31:11.818908 - f
2026-05-04 12:31:11.822710 - n
2026-05-04 12:31:11.987069 - u
2026-05-04 12:31:12.062199 - v
2026-05-04 12:31:12.096370 - b
2026-05-04 12:31:12.176439 - f
2026-05-04 12:31:12.249397 - u
2026-05-04 12:31:12.281652 - d
2026-05-04 12:31:12.283975 - c
2026-05-04 12:31:12.395297 - s
2026-05-04 12:31:12.471280 - i
2026-05-04 12:31:12.473105 - m
2026-05-04 12:31:12.474281 - o
2026-05-04 12:31:13.445155 - Key.enter
2026-05-04 12:31:16.128911 - Key.esc
2026-05-04 12:31:18.376497 - Key.ctrl
2026-05-04 12:31:18.655657 - x
2026-05-04 12:31:19.577204 - Key.ctrl
2026-05-04 12:31:20.280554 - x
2026-05-04 12:31:22.302680 - h
2026-05-04 12:31:22.468922 - a
2026-05-04 12:31:22.779830 - m
2026-05-04 12:31:22.896856 - z
2026-05-04 12:31:23.062266 - a
2026-05-04 12:31:43.450103 - h
2026-05-04 12:31:43.622483 - a
2026-05-04 12:31:43.817011 - m
2026-05-04 12:31:43.918312 - z
2026-05-04 12:31:44.186217 - a
2026-05-04 12:31:45.583897 - Key.up
2026-05-04 12:31:46.086132 - Key.up
2026-05-04 12:31:46.137077 - Key.up
2026-05-04 12:31:46.188891 - Key.up
2026-05-04 12:31:46.240440 - Key.up
2026-05-04 12:31:46.290710 - Key.up
2026-05-04 12:31:46.342382 - Key.up
2026-05-04 12:31:46.392907 - Key.up
2026-05-04 12:31:46.446471 - Key.up
2026-05-04 12:31:46.497231 - Key.up
2026-05-04 12:31:46.548536 - Key.up
2026-05-04 12:31:46.599581 - Key.up
2026-05-04 12:31:46.649994 - Key.up
2026-05-04 12:31:46.699997 - Key.up
2026-05-04 12:31:46.761630 - Key.up
2026-05-04 12:31:46.820439 - Key.up
2026-05-04 12:31:46.871453 - Key.up
2026-05-04 12:31:46.978341 - Key.down
2026-05-04 12:31:47.485989 - Key.down
2026-05-04 12:31:47.536046 - Key.down
2026-05-04 12:31:47.586804 - Key.down
2026-05-04 12:31:47.638780 - Key.down
2026-05-04 12:31:47.693229 - Key.right
2026-05-04 12:31:48.192718 - Key.right
2026-05-04 12:31:48.243477 - Key.right
2026-05-04 12:31:48.293669 - Key.right
2026-05-04 12:31:48.344933 - Key.right
2026-05-04 12:31:48.377639 - Key.left
2026-05-04 12:31:48.880142 - Key.left
2026-05-04 12:31:48.931371 - Key.left
2026-05-04 12:31:48.982558 - Key.left
2026-05-04 12:31:49.033830 - Key.left
2026-05-04 12:31:49.083909 - Key.left
2026-05-04 12:31:49.143713 - Key.left
2026-05-04 12:32:29.235530 - Key.ctrl
2026-05-04 12:32:29.550159 - Key.shift
2026-05-04 12:32:30.894797 - Key.ctrl
2026-05-04 12:32:31.076343 - Key.shift
2026-05-04 12:32:31.995145 - T
2026-05-04 12:32:36.444745 - Key.enter
